[ 2025-01-22 11:30:49,720 ] 1025 httpx - INFO - HTTP Request: GET https://dagshub.com/api/v1/user "HTTP/1.1 200 OK"
[ 2025-01-22 11:30:49,727 ] 107 dagshub - INFO - Accessing as dhruvh.patel213
[ 2025-01-22 11:30:50,959 ] 1025 httpx - INFO - HTTP Request: GET https://dagshub.com/api/v1/repos/dhruvh.patel213/NetworkSecurity_DataScience "HTTP/1.1 200 OK"
[ 2025-01-22 11:30:51,889 ] 1025 httpx - INFO - HTTP Request: GET https://dagshub.com/api/v1/user "HTTP/1.1 200 OK"
[ 2025-01-22 11:30:51,893 ] 107 dagshub - INFO - Initialized MLflow to track repo "dhruvh.patel213/NetworkSecurity_DataScience"
[ 2025-01-22 11:30:51,895 ] 107 dagshub - INFO - Repository dhruvh.patel213/NetworkSecurity_DataScience initialized!
[ 2025-01-22 11:30:51,895 ] 20 root - INFO - Initiate the data ingestion
[ 2025-01-22 11:31:08,722 ] 65 root - INFO - Performed train test split on the dataframe
[ 2025-01-22 11:31:08,722 ] 67 root - INFO - Exited split_data_as_train_test method of Data_Ingestion class
[ 2025-01-22 11:31:08,724 ] 75 root - INFO - Exporting train and test file path.
[ 2025-01-22 11:31:08,777 ] 84 root - INFO - Exported train and test file path.
[ 2025-01-22 11:31:08,779 ] 22 root - INFO - Data Initiation Completed
[ 2025-01-22 11:31:08,784 ] 26 root - INFO - Initiate the data Validation
[ 2025-01-22 11:31:08,874 ] 32 root - INFO - Required number of columns:2
[ 2025-01-22 11:31:08,874 ] 33 root - INFO - Data frame has columns:31
[ 2025-01-22 11:31:08,874 ] 32 root - INFO - Required number of columns:2
[ 2025-01-22 11:31:08,874 ] 33 root - INFO - Data frame has columns:31
[ 2025-01-22 11:31:09,004 ] 28 root - INFO - data Validation Completed
[ 2025-01-22 11:31:09,004 ] 31 root - INFO - data Transformation started
[ 2025-01-22 11:31:09,004 ] 63 root - INFO - Entered initiate_data_transformation method of DataTransformation class
[ 2025-01-22 11:31:09,004 ] 65 root - INFO - Starting data transformation
[ 2025-01-22 11:31:09,029 ] 48 root - INFO - Entered get_data_trnasformer_object method of Trnasformation class
[ 2025-01-22 11:31:09,029 ] 53 root - INFO - Initialise KNNImputer with {'missing_values': nan, 'n_neighbors': 3, 'weights': 'uniform'}
[ 2025-01-22 11:31:09,045 ] 46 root - INFO - Entered the save_object method of MainUtils class
[ 2025-01-22 11:31:09,048 ] 50 root - INFO - Exited the save_object method of MainUtils class
[ 2025-01-22 11:31:09,049 ] 46 root - INFO - Entered the save_object method of MainUtils class
[ 2025-01-22 11:31:09,052 ] 50 root - INFO - Exited the save_object method of MainUtils class
[ 2025-01-22 11:31:09,053 ] 35 root - INFO - data Transformation completed
[ 2025-01-22 11:31:09,053 ] 37 root - INFO - Model Training sstared
[ 2025-01-22 11:36:14,729 ] 46 root - INFO - Entered the save_object method of MainUtils class
[ 2025-01-22 11:36:14,731 ] 50 root - INFO - Exited the save_object method of MainUtils class
[ 2025-01-22 11:36:14,731 ] 46 root - INFO - Entered the save_object method of MainUtils class
[ 2025-01-22 11:36:14,774 ] 50 root - INFO - Exited the save_object method of MainUtils class
[ 2025-01-22 11:36:14,774 ] 139 root - INFO - Model trainer artifact: ModelTrainerArtifact(trained_model_file_path='Artifacts\\01_22_2025_11_30_44\\model_trainer\\trained_model\\model.pkl', train_metric_artifact=ClassificationMetricArtifact(f1_score=0.9911773653787649, precision_score=0.9876717865804365, recall_score=0.9947079177691838), test_metric_artifact=ClassificationMetricArtifact(f1_score=0.9748100759696121, precision_score=0.9697692919649961, recall_score=0.979903536977492))
[ 2025-01-22 11:36:14,777 ] 42 root - INFO - Model Training artifact created
