[ 2025-01-23 18:12:49,391 ] 1025 httpx - INFO - HTTP Request: GET https://dagshub.com/api/v1/user "HTTP/1.1 200 OK"
[ 2025-01-23 18:12:49,397 ] 107 dagshub - INFO - Accessing as dhruvh.patel213
[ 2025-01-23 18:12:49,807 ] 1025 httpx - INFO - HTTP Request: GET https://dagshub.com/api/v1/repos/dhruvh.patel213/NetworkSecurity_DataScience "HTTP/1.1 200 OK"
[ 2025-01-23 18:12:50,176 ] 1025 httpx - INFO - HTTP Request: GET https://dagshub.com/api/v1/user "HTTP/1.1 200 OK"
[ 2025-01-23 18:12:50,179 ] 107 dagshub - INFO - Initialized MLflow to track repo "dhruvh.patel213/NetworkSecurity_DataScience"
[ 2025-01-23 18:12:50,180 ] 107 dagshub - INFO - Repository dhruvh.patel213/NetworkSecurity_DataScience initialized!
[ 2025-01-23 18:13:05,103 ] 42 root - INFO - Start data Ingestion
[ 2025-01-23 18:13:06,410 ] 65 root - INFO - Performed train test split on the dataframe
[ 2025-01-23 18:13:06,410 ] 67 root - INFO - Exited split_data_as_train_test method of Data_Ingestion class
[ 2025-01-23 18:13:06,411 ] 75 root - INFO - Exporting train and test file path.
[ 2025-01-23 18:13:06,472 ] 84 root - INFO - Exported train and test file path.
[ 2025-01-23 18:13:06,472 ] 45 root - INFO - Data Ingestion completed and artifact: DataIngestionArtifact(trained_file_path='Artifacts\\01_23_2025_18_12_45\\data_ingestion\\ingested\\train.csv', test_file_path='Artifacts\\01_23_2025_18_12_45\\data_ingestion\\ingested\\test.csv')
[ 2025-01-23 18:13:06,501 ] 55 root - INFO - Initiate the data Validation
[ 2025-01-23 18:13:06,583 ] 32 root - INFO - Required number of columns:2
[ 2025-01-23 18:13:06,584 ] 33 root - INFO - Data frame has columns:31
[ 2025-01-23 18:13:06,584 ] 32 root - INFO - Required number of columns:2
[ 2025-01-23 18:13:06,584 ] 33 root - INFO - Data frame has columns:31
[ 2025-01-23 18:13:06,720 ] 63 root - INFO - Entered initiate_data_transformation method of DataTransformation class
[ 2025-01-23 18:13:06,720 ] 65 root - INFO - Starting data transformation
[ 2025-01-23 18:13:06,742 ] 48 root - INFO - Entered get_data_trnasformer_object method of Trnasformation class
[ 2025-01-23 18:13:06,742 ] 53 root - INFO - Initialise KNNImputer with {'missing_values': nan, 'n_neighbors': 3, 'weights': 'uniform'}
[ 2025-01-23 18:13:06,754 ] 46 root - INFO - Entered the save_object method of MainUtils class
[ 2025-01-23 18:13:06,757 ] 50 root - INFO - Exited the save_object method of MainUtils class
[ 2025-01-23 18:13:06,757 ] 46 root - INFO - Entered the save_object method of MainUtils class
[ 2025-01-23 18:13:06,760 ] 50 root - INFO - Exited the save_object method of MainUtils class
[ 2025-01-23 18:16:54,506 ] 46 root - INFO - Entered the save_object method of MainUtils class
[ 2025-01-23 18:16:54,507 ] 50 root - INFO - Exited the save_object method of MainUtils class
[ 2025-01-23 18:16:54,507 ] 46 root - INFO - Entered the save_object method of MainUtils class
[ 2025-01-23 18:16:54,528 ] 50 root - INFO - Exited the save_object method of MainUtils class
[ 2025-01-23 18:16:54,528 ] 139 root - INFO - Model trainer artifact: ModelTrainerArtifact(trained_model_file_path='Artifacts\\01_23_2025_18_12_45\\model_trainer\\trained_model\\model.pkl', train_metric_artifact=ClassificationMetricArtifact(f1_score=0.9904723292114332, precision_score=0.9896698399837959, recall_score=0.9912761209170217), test_metric_artifact=ClassificationMetricArtifact(f1_score=0.9772542648253453, precision_score=0.9748784440842788, recall_score=0.9796416938110749))
