[ 2025-01-26 00:07:56,139 ] 1025 httpx - INFO - HTTP Request: GET https://dagshub.com/api/v1/user "HTTP/1.1 200 OK"
[ 2025-01-26 00:07:56,150 ] 107 dagshub - INFO - Accessing as dhruvh.patel213
[ 2025-01-26 00:07:56,611 ] 1025 httpx - INFO - HTTP Request: GET https://dagshub.com/api/v1/repos/dhruvh.patel213/NetworkSecurity_DataScience "HTTP/1.1 200 OK"
[ 2025-01-26 00:07:57,052 ] 1025 httpx - INFO - HTTP Request: GET https://dagshub.com/api/v1/user "HTTP/1.1 200 OK"
[ 2025-01-26 00:07:57,057 ] 107 dagshub - INFO - Initialized MLflow to track repo "dhruvh.patel213/NetworkSecurity_DataScience"
[ 2025-01-26 00:07:57,060 ] 107 dagshub - INFO - Repository dhruvh.patel213/NetworkSecurity_DataScience initialized!
[ 2025-01-26 00:08:32,702 ] 42 root - INFO - Start data Ingestion
[ 2025-01-26 00:08:40,306 ] 65 root - INFO - Performed train test split on the dataframe
[ 2025-01-26 00:08:40,307 ] 67 root - INFO - Exited split_data_as_train_test method of Data_Ingestion class
[ 2025-01-26 00:08:40,308 ] 75 root - INFO - Exporting train and test file path.
[ 2025-01-26 00:08:40,422 ] 84 root - INFO - Exported train and test file path.
[ 2025-01-26 00:08:40,423 ] 45 root - INFO - Data Ingestion completed and artifact: DataIngestionArtifact(trained_file_path='Artifacts\\01_26_2025_00_07_51\\data_ingestion\\ingested\\train.csv', test_file_path='Artifacts\\01_26_2025_00_07_51\\data_ingestion\\ingested\\test.csv')
[ 2025-01-26 00:08:40,457 ] 55 root - INFO - Initiate the data Validation
[ 2025-01-26 00:08:40,563 ] 32 root - INFO - Required number of columns:2
[ 2025-01-26 00:08:40,564 ] 33 root - INFO - Data frame has columns:31
[ 2025-01-26 00:08:40,564 ] 32 root - INFO - Required number of columns:2
[ 2025-01-26 00:08:40,564 ] 33 root - INFO - Data frame has columns:31
[ 2025-01-26 00:08:40,867 ] 63 root - INFO - Entered initiate_data_transformation method of DataTransformation class
[ 2025-01-26 00:08:40,867 ] 65 root - INFO - Starting data transformation
[ 2025-01-26 00:08:40,924 ] 48 root - INFO - Entered get_data_trnasformer_object method of Trnasformation class
[ 2025-01-26 00:08:40,924 ] 53 root - INFO - Initialise KNNImputer with {'missing_values': nan, 'n_neighbors': 3, 'weights': 'uniform'}
[ 2025-01-26 00:08:40,954 ] 46 root - INFO - Entered the save_object method of MainUtils class
[ 2025-01-26 00:08:40,963 ] 50 root - INFO - Exited the save_object method of MainUtils class
[ 2025-01-26 00:08:40,963 ] 46 root - INFO - Entered the save_object method of MainUtils class
[ 2025-01-26 00:08:40,969 ] 50 root - INFO - Exited the save_object method of MainUtils class
[ 2025-01-26 00:14:44,430 ] 46 root - INFO - Entered the save_object method of MainUtils class
[ 2025-01-26 00:14:44,431 ] 50 root - INFO - Exited the save_object method of MainUtils class
[ 2025-01-26 00:14:44,431 ] 46 root - INFO - Entered the save_object method of MainUtils class
[ 2025-01-26 00:14:44,493 ] 50 root - INFO - Exited the save_object method of MainUtils class
[ 2025-01-26 00:14:44,494 ] 139 root - INFO - Model trainer artifact: ModelTrainerArtifact(trained_model_file_path='Artifacts\\01_26_2025_00_07_51\\model_trainer\\trained_model\\model.pkl', train_metric_artifact=ClassificationMetricArtifact(f1_score=0.9906351791530945, precision_score=0.9902319902319903, recall_score=0.9910386965376782), test_metric_artifact=ClassificationMetricArtifact(f1_score=0.9780087964814075, precision_score=0.9752791068580542, recall_score=0.9807538091419407))
