[ 2025-01-22 11:24:51,378 ] 1025 httpx - INFO - HTTP Request: POST https://dagshub.com/login/oauth/middleman "HTTP/1.1 200 OK"
[ 2025-01-22 11:24:51,823 ] 1025 httpx - INFO - HTTP Request: POST https://dagshub.com/login/oauth/access_token "HTTP/1.1 200 OK"
[ 2025-01-22 11:24:52,270 ] 1025 httpx - INFO - HTTP Request: GET https://dagshub.com/api/v1/user "HTTP/1.1 200 OK"
[ 2025-01-22 11:24:52,279 ] 107 dagshub - INFO - Accessing as dhruvh.patel213
[ 2025-01-22 11:24:52,798 ] 1025 httpx - INFO - HTTP Request: GET https://dagshub.com/api/v1/repos/dhruvh.patel213/NetworkSecurity_DataScience "HTTP/1.1 200 OK"
[ 2025-01-22 11:24:53,231 ] 1025 httpx - INFO - HTTP Request: GET https://dagshub.com/api/v1/user "HTTP/1.1 200 OK"
[ 2025-01-22 11:24:53,231 ] 107 dagshub - INFO - Initialized MLflow to track repo "dhruvh.patel213/NetworkSecurity_DataScience"
[ 2025-01-22 11:24:53,231 ] 107 dagshub - INFO - Repository dhruvh.patel213/NetworkSecurity_DataScience initialized!
[ 2025-01-22 11:24:53,247 ] 20 root - INFO - Initiate the data ingestion
[ 2025-01-22 11:24:59,242 ] 65 root - INFO - Performed train test split on the dataframe
[ 2025-01-22 11:24:59,242 ] 67 root - INFO - Exited split_data_as_train_test method of Data_Ingestion class
[ 2025-01-22 11:24:59,242 ] 75 root - INFO - Exporting train and test file path.
[ 2025-01-22 11:24:59,320 ] 84 root - INFO - Exported train and test file path.
[ 2025-01-22 11:24:59,321 ] 22 root - INFO - Data Initiation Completed
[ 2025-01-22 11:24:59,342 ] 26 root - INFO - Initiate the data Validation
[ 2025-01-22 11:24:59,452 ] 32 root - INFO - Required number of columns:2
[ 2025-01-22 11:24:59,452 ] 33 root - INFO - Data frame has columns:31
[ 2025-01-22 11:24:59,453 ] 32 root - INFO - Required number of columns:2
[ 2025-01-22 11:24:59,453 ] 33 root - INFO - Data frame has columns:31
[ 2025-01-22 11:24:59,684 ] 28 root - INFO - data Validation Completed
[ 2025-01-22 11:24:59,684 ] 31 root - INFO - data Transformation started
[ 2025-01-22 11:24:59,684 ] 63 root - INFO - Entered initiate_data_transformation method of DataTransformation class
[ 2025-01-22 11:24:59,684 ] 65 root - INFO - Starting data transformation
[ 2025-01-22 11:24:59,717 ] 48 root - INFO - Entered get_data_trnasformer_object method of Trnasformation class
[ 2025-01-22 11:24:59,717 ] 53 root - INFO - Initialise KNNImputer with {'missing_values': nan, 'n_neighbors': 3, 'weights': 'uniform'}
[ 2025-01-22 11:24:59,728 ] 46 root - INFO - Entered the save_object method of MainUtils class
[ 2025-01-22 11:24:59,728 ] 50 root - INFO - Exited the save_object method of MainUtils class
[ 2025-01-22 11:24:59,728 ] 46 root - INFO - Entered the save_object method of MainUtils class
[ 2025-01-22 11:24:59,728 ] 50 root - INFO - Exited the save_object method of MainUtils class
[ 2025-01-22 11:24:59,728 ] 35 root - INFO - data Transformation completed
[ 2025-01-22 11:24:59,728 ] 37 root - INFO - Model Training sstared
